Arguments: 
  /usr/bin/node /home/alma3lol/.cache/node/corepack/yarn/1.22.19/bin/yarn.js add @jellyfish/membrane-webrtc-js

PATH: 
  /home/alma3lol/perl5/bin:/home/alma3lol/.cache/rebar3/bin:/home/alma3lol/.local/share/pnpm:/home/alma3lol/Android/Sdk/emulator:/home/alma3lol/Android/Sdk/platform-tools:/opt/jre/bin:/home/alma3lol/.yarn/bin:/home/alma3lol/.config/yarn/global/node_modules/.bin:/home/alma3lol/go/bin:/home/alma3lol/.local/bin:/home/alma3lol/.local/share/nvim/mason/bin:/home/alma3lol/perl5/bin:/home/alma3lol/.cache/rebar3/bin:/home/alma3lol/.local/share/pnpm:/home/alma3lol/Android/Sdk/emulator:/home/alma3lol/Android/Sdk/platform-tools:/opt/jre/bin:/home/alma3lol/.yarn/bin:/home/alma3lol/.config/yarn/global/node_modules/.bin:/home/alma3lol/go/bin:/home/alma3lol/.local/bin:/home/alma3lol/perl5/bin:/home/alma3lol/.cache/rebar3/bin:/home/alma3lol/.local/share/pnpm:/home/alma3lol/Android/Sdk/emulator:/home/alma3lol/Android/Sdk/platform-tools:/opt/jre/bin:/home/alma3lol/.yarn/bin:/home/alma3lol/.config/yarn/global/node_modules/.bin:/home/alma3lol/go/bin:/home/alma3lol/.local/bin:/usr/local/sbin:/usr/local/bin:/usr/bin:/opt/cuda/bin:/opt/cuda/nsight_compute:/opt/cuda/nsight_systems/bin:/usr/lib/jvm/default/bin:/usr/bin/site_perl:/usr/bin/vendor_perl:/usr/bin/core_perl:/var/lib/snapd/snap/bin:/home/alma3lol/.local/bin:/home/alma3lol/.fig/bin:/home/alma3lol/zsh/plugins/fzf-zsh-plugin/bin:/home/alma3lol/.fzf/bin:/home/alma3lol/zsh/plugins/fzf-zsh-plugin/bin:/home/alma3lol/.local/share/nvim/site/pack/packer/start/vim-floaterm/bin/:/home/alma3lol/zsh/plugins/fzf-zsh-plugin/bin

Yarn version: 
  1.22.19

Node version: 
  19.6.0

Platform: 
  linux x64

Trace: 
  Error: https://registry.yarnpkg.com/@jellyfish%2fmembrane-webrtc-js: Not found
      at params.callback [as _callback] (/home/alma3lol/.cache/node/corepack/yarn/1.22.19/lib/cli.js:66145:18)
      at self.callback (/home/alma3lol/.cache/node/corepack/yarn/1.22.19/lib/cli.js:140890:22)
      at Request.emit (node:events:512:28)
      at Request.<anonymous> (/home/alma3lol/.cache/node/corepack/yarn/1.22.19/lib/cli.js:141862:10)
      at Request.emit (node:events:512:28)
      at IncomingMessage.<anonymous> (/home/alma3lol/.cache/node/corepack/yarn/1.22.19/lib/cli.js:141784:12)
      at Object.onceWrapper (node:events:626:28)
      at IncomingMessage.emit (node:events:524:35)
      at endReadableNT (node:internal/streams/readable:1359:12)
      at process.processTicksAndRejections (node:internal/process/task_queues:82:21)

npm manifest: 
  {
    "dependencies": {
      "@membraneframework/membrane-webrtc-js": "^0.3.1",
      "flowbite": "^1.6.0",
      "lodash": "^4.17.21",
      "phoenix": "^1.7.0-rc.1",
      "query-string": "^8.1.0",
      "rxjs": "^7.8.0",
      "tailwind-scrollbar-hide": "^1.1.7"
    },
    "devDependencies": {
      "@types/lodash": "^4.14.191",
      "@types/phoenix": "^1.5.4",
      "@types/phoenix_live_view": "^0.15.1"
    }
  }

yarn manifest: 
  No manifest

Lockfile: 
  # THIS IS AN AUTOGENERATED FILE. DO NOT EDIT THIS FILE DIRECTLY.
  # yarn lockfile v1
  
  
  "@membraneframework/membrane-webrtc-js@^0.3.1":
    version "0.3.1"
    resolved "https://registry.yarnpkg.com/@membraneframework/membrane-webrtc-js/-/membrane-webrtc-js-0.3.1.tgz#092c965e914d0a857643f22f4ceac82e6f8594cb"
    integrity sha512-KCh0q2ZP9FujhnLF4WAU8Cykz8RvPG+giELxA0luTWEiv1M/Ak4aDnstl4DVH6AUXg40MsTyjM5nPJytqaeyUA==
    dependencies:
      uuid "^8.3.2"
  
  "@popperjs/core@^2.9.3":
    version "2.11.6"
    resolved "https://registry.yarnpkg.com/@popperjs/core/-/core-2.11.6.tgz#cee20bd55e68a1720bdab363ecf0c821ded4cd45"
    integrity sha512-50/17A98tWUfQ176raKiOGXuYpLyyVMkxxG6oylzL3BPOlA6ADGdK7EYunSa4I064xerltq9TGXs8HmOk5E+vw==
  
  "@types/lodash@^4.14.191":
    version "4.14.191"
    resolved "https://registry.yarnpkg.com/@types/lodash/-/lodash-4.14.191.tgz#09511e7f7cba275acd8b419ddac8da9a6a79e2fa"
    integrity sha512-BdZ5BCCvho3EIXw6wUCXHe7rS53AIDPLE+JzwgT+OsJk53oBfbSmZZ7CX4VaRoN78N+TJpFi9QPlfIVNmJYWxQ==
  
  "@types/phoenix@*":
    version "1.5.5"
    resolved "https://registry.yarnpkg.com/@types/phoenix/-/phoenix-1.5.5.tgz#2276102b16203ca16a5ec3f2e20bcc2819a8a520"
    integrity sha512-1eWWT19k0L4ZiTvdXjAvJ9KvW0B8SdiVftQmFPJGTEx78Q4PCSIQDpz+EfkFVR1N4U9gREjlW4JXL8YCIlY0bw==
  
  "@types/phoenix@^1.5.4":
    version "1.5.4"
    resolved "https://registry.yarnpkg.com/@types/phoenix/-/phoenix-1.5.4.tgz#c08a1da6d7b4e365f6a1fe1ff9aada55f5356d24"
    integrity sha512-L5eZmzw89eXBKkiqVBcJfU1QGx9y+wurRIEgt0cuLH0hwNtVUxtx+6cu0R2STwWj468sjXyBYPYDtGclUd1kjQ==
  
  "@types/phoenix_live_view@^0.15.1":
    version "0.15.1"
    resolved "https://registry.yarnpkg.com/@types/phoenix_live_view/-/phoenix_live_view-0.15.1.tgz#44b4f85bd1e061f4c74ecbdef65ccd357d13260c"
    integrity sha512-dWKwJ9xqCHW+3TVfCIVC6/6ZMpURlDcu9qakWL89H5iWoSXs5X7gaKKnPXc7a1IKULieZjHBVkCW0Ui9aRf3Bg==
    dependencies:
      "@types/phoenix" "*"
  
  decode-uri-component@^0.4.1:
    version "0.4.1"
    resolved "https://registry.yarnpkg.com/decode-uri-component/-/decode-uri-component-0.4.1.tgz#2ac4859663c704be22bf7db760a1494a49ab2cc5"
    integrity sha512-+8VxcR21HhTy8nOt6jf20w0c9CADrw1O8d+VZ/YzzCt4bJ3uBjw+D1q2osAB8RnpwwaeYBxy0HyKQxD5JBMuuQ==
  
  filter-obj@^5.1.0:
    version "5.1.0"
    resolved "https://registry.yarnpkg.com/filter-obj/-/filter-obj-5.1.0.tgz#5bd89676000a713d7db2e197f660274428e524ed"
    integrity sha512-qWeTREPoT7I0bifpPUXtxkZJ1XJzxWtfoWWkdVGqa+eCr3SHW/Ocp89o8vLvbUuQnadybJpjOKu4V+RwO6sGng==
  
  flowbite@^1.6.0:
    version "1.6.0"
    resolved "https://registry.yarnpkg.com/flowbite/-/flowbite-1.6.0.tgz#e68c552b00adaccc41ed10cf606a7fda612ce724"
    integrity sha512-3+kd/Y5D55q+9M82VFb89SQcy7tkCD+vKtw97s49MLvELr5tTCqt+Qf3GWFvVEpHR9xPiI0xPXiCTQfYSEB1WA==
    dependencies:
      "@popperjs/core" "^2.9.3"
      mini-svg-data-uri "^1.4.3"
  
  lodash@^4.17.21:
    version "4.17.21"
    resolved "https://registry.yarnpkg.com/lodash/-/lodash-4.17.21.tgz#679591c564c3bffaae8454cf0b3df370c3d6911c"
    integrity sha512-v2kDEe57lecTulaDIuNTPy3Ry4gLGJ6Z1O3vE1krgXZNrsQ+LFTGHVxVjcXPs17LhbZVGedAJv8XZ1tvj5FvSg==
  
  mini-svg-data-uri@^1.4.3:
    version "1.4.4"
    resolved "https://registry.yarnpkg.com/mini-svg-data-uri/-/mini-svg-data-uri-1.4.4.tgz#8ab0aabcdf8c29ad5693ca595af19dd2ead09939"
    integrity sha512-r9deDe9p5FJUPZAk3A59wGH7Ii9YrjjWw0jmw/liSbHl2CHiyXj6FcDXDu2K3TjVAXqiJdaw3xxwlZZr9E6nHg==
  
  phoenix@^1.7.0-rc.1:
    version "1.7.0-rc.1"
    resolved "https://registry.yarnpkg.com/phoenix/-/phoenix-1.7.0-rc.1.tgz#c720458cb151d57811ded0bc508a7b43667ae5c6"
    integrity sha512-Zev2qVhpmXXCFM/d2GC+5SevQ5yP2lCWPs3tjcPO96hlGvOt8Wn3cH8VxvQaI3GVzn9WfZ0aTAF9o0zSavXxyg==
  
  query-string@^8.1.0:
    version "8.1.0"
    resolved "https://registry.yarnpkg.com/query-string/-/query-string-8.1.0.tgz#e7f95367737219544cd360a11a4f4ca03836e115"
    integrity sha512-BFQeWxJOZxZGix7y+SByG3F36dA0AbTy9o6pSmKFcFz7DAj0re9Frkty3saBn3nHo3D0oZJ/+rx3r8H8r8Jbpw==
    dependencies:
      decode-uri-component "^0.4.1"
      filter-obj "^5.1.0"
      split-on-first "^3.0.0"
  
  rxjs@^7.8.0:
    version "7.8.0"
    resolved "https://registry.yarnpkg.com/rxjs/-/rxjs-7.8.0.tgz#90a938862a82888ff4c7359811a595e14e1e09a4"
    integrity sha512-F2+gxDshqmIub1KdvZkaEfGDwLNpPvk9Fs6LD/MyQxNgMds/WH9OdDDXOmxUZpME+iSK3rQCctkL0DYyytUqMg==
    dependencies:
      tslib "^2.1.0"
  
  split-on-first@^3.0.0:
    version "3.0.0"
    resolved "https://registry.yarnpkg.com/split-on-first/-/split-on-first-3.0.0.tgz#f04959c9ea8101b9b0bbf35a61b9ebea784a23e7"
    integrity sha512-qxQJTx2ryR0Dw0ITYyekNQWpz6f8dGd7vffGNflQQ3Iqj9NJ6qiZ7ELpZsJ/QBhIVAiDfXdag3+Gp8RvWa62AA==
  
  tailwind-scrollbar-hide@^1.1.7:
    version "1.1.7"
    resolved "https://registry.yarnpkg.com/tailwind-scrollbar-hide/-/tailwind-scrollbar-hide-1.1.7.tgz#90b481fb2e204030e3919427416650c54f56f847"
    integrity sha512-X324n9OtpTmOMqEgDUEA/RgLrNfBF/jwJdctaPZDzB3mppxJk7TLIDmOreEDm1Bq4R9LSPu4Epf8VSdovNU+iA==
  
  tslib@^2.1.0:
    version "2.5.0"
    resolved "https://registry.yarnpkg.com/tslib/-/tslib-2.5.0.tgz#42bfed86f5787aeb41d031866c8f402429e0fddf"
    integrity sha512-336iVw3rtn2BUK7ORdIAHTyxHGRIHVReokCR3XjbckJMK7ms8FysBfhLR8IXnAgy7T0PTPNBWKiH514FOW/WSg==
  
  uuid@^8.3.2:
    version "8.3.2"
    resolved "https://registry.yarnpkg.com/uuid/-/uuid-8.3.2.tgz#80d5b5ced271bb9af6c445f21a1a04c606cefbe2"
    integrity sha512-+NYs2QeMWy+GWFOEm9xnn6HCDp0l7QBD7ml8zLUmJ+93Q5NF0NocErnwkTkXVFNiX3/fpC6afS8Dhb/gz7R7eg==
